TN:
SF:app.js
FN:7,(anonymous_0)
FN:20,(anonymous_1)
FN:31,(anonymous_2)
FN:33,(anonymous_3)
FN:36,(anonymous_4)
FN:39,(anonymous_5)
FN:42,(anonymous_6)
FN:43,(anonymous_7)
FN:47,(anonymous_8)
FN:50,(anonymous_9)
FN:56,(anonymous_10)
FN:60,(anonymous_11)
FN:61,(anonymous_12)
FN:63,(anonymous_13)
FN:72,(anonymous_14)
FN:113,(anonymous_15)
FN:122,(anonymous_16)
FN:143,(anonymous_17)
FN:163,(anonymous_18)
FN:171,(anonymous_19)
FN:182,(anonymous_20)
FN:199,(anonymous_21)
FN:201,(anonymous_22)
FN:209,(anonymous_23)
FN:234,(anonymous_24)
FN:238,(anonymous_25)
FN:249,(anonymous_26)
FN:278,(anonymous_27)
FN:298,(anonymous_28)
FN:318,(anonymous_29)
FN:342,(anonymous_30)
FN:367,(anonymous_31)
FN:392,(anonymous_32)
FN:406,(anonymous_33)
FN:416,(anonymous_34)
FN:424,(anonymous_35)
FN:426,(anonymous_36)
FN:436,(anonymous_37)
FN:445,(anonymous_38)
FN:486,(anonymous_39)
FN:488,(anonymous_40)
FN:489,(anonymous_41)
FN:496,(anonymous_42)
FN:497,(anonymous_43)
FN:500,(anonymous_44)
FN:506,(anonymous_45)
FN:507,(anonymous_46)
FN:518,(anonymous_47)
FN:536,(anonymous_48)
FN:552,(anonymous_49)
FN:563,(anonymous_50)
FN:570,(anonymous_51)
FN:585,(anonymous_52)
FN:588,(anonymous_53)
FN:594,(anonymous_54)
FN:607,(anonymous_55)
FN:611,(anonymous_56)
FN:618,(anonymous_57)
FN:638,(anonymous_58)
FN:649,(anonymous_59)
FNF:60
FNH:39
FNDA:22,(anonymous_0)
FNDA:22,(anonymous_1)
FNDA:22,(anonymous_2)
FNDA:0,(anonymous_3)
FNDA:0,(anonymous_4)
FNDA:0,(anonymous_5)
FNDA:66,(anonymous_6)
FNDA:0,(anonymous_7)
FNDA:0,(anonymous_8)
FNDA:0,(anonymous_9)
FNDA:22,(anonymous_10)
FNDA:0,(anonymous_11)
FNDA:0,(anonymous_12)
FNDA:0,(anonymous_13)
FNDA:0,(anonymous_14)
FNDA:0,(anonymous_15)
FNDA:3,(anonymous_16)
FNDA:2,(anonymous_17)
FNDA:2,(anonymous_18)
FNDA:2,(anonymous_19)
FNDA:2,(anonymous_20)
FNDA:1,(anonymous_21)
FNDA:1,(anonymous_22)
FNDA:1,(anonymous_23)
FNDA:0,(anonymous_24)
FNDA:0,(anonymous_25)
FNDA:23,(anonymous_26)
FNDA:2,(anonymous_27)
FNDA:1,(anonymous_28)
FNDA:0,(anonymous_29)
FNDA:0,(anonymous_30)
FNDA:1,(anonymous_31)
FNDA:1,(anonymous_32)
FNDA:1,(anonymous_33)
FNDA:27,(anonymous_34)
FNDA:2,(anonymous_35)
FNDA:0,(anonymous_36)
FNDA:4,(anonymous_37)
FNDA:4,(anonymous_38)
FNDA:3,(anonymous_39)
FNDA:4,(anonymous_40)
FNDA:0,(anonymous_41)
FNDA:4,(anonymous_42)
FNDA:0,(anonymous_43)
FNDA:0,(anonymous_44)
FNDA:4,(anonymous_45)
FNDA:0,(anonymous_46)
FNDA:22,(anonymous_47)
FNDA:50,(anonymous_48)
FNDA:1,(anonymous_49)
FNDA:24,(anonymous_50)
FNDA:24,(anonymous_51)
FNDA:22,(anonymous_52)
FNDA:22,(anonymous_53)
FNDA:24,(anonymous_54)
FNDA:22,(anonymous_55)
FNDA:2,(anonymous_56)
FNDA:8,(anonymous_57)
FNDA:30,(anonymous_58)
FNDA:0,(anonymous_59)
DA:8,22
DA:9,22
DA:10,22
DA:11,22
DA:12,22
DA:14,22
DA:21,22
DA:22,22
DA:23,22
DA:24,22
DA:25,22
DA:33,22
DA:36,22
DA:39,22
DA:42,22
DA:43,66
DA:47,22
DA:50,22
DA:57,22
DA:58,22
DA:60,22
DA:61,22
DA:63,22
DA:64,0
DA:65,0
DA:73,0
DA:75,0
DA:76,0
DA:79,0
DA:80,0
DA:85,0
DA:87,0
DA:88,0
DA:89,0
DA:90,0
DA:91,0
DA:93,0
DA:94,0
DA:97,0
DA:98,0
DA:99,0
DA:102,0
DA:103,0
DA:104,0
DA:106,0
DA:114,0
DA:115,0
DA:116,0
DA:123,3
DA:124,3
DA:126,3
DA:127,1
DA:128,1
DA:131,2
DA:132,1
DA:133,1
DA:136,1
DA:137,1
DA:144,2
DA:145,2
DA:147,2
DA:148,1
DA:149,0
DA:151,1
DA:154,1
DA:155,0
DA:157,1
DA:164,2
DA:165,2
DA:172,2
DA:173,2
DA:174,2
DA:175,2
DA:183,2
DA:184,2
DA:185,2
DA:187,2
DA:188,0
DA:189,2
DA:190,0
DA:192,2
DA:200,1
DA:201,1
DA:202,1
DA:210,1
DA:211,0
DA:212,0
DA:215,1
DA:216,1
DA:217,1
DA:218,1
DA:220,1
DA:221,1
DA:222,1
DA:224,0
DA:225,0
DA:227,1
DA:235,0
DA:238,0
DA:239,0
DA:241,0
DA:243,0
DA:250,23
DA:251,23
DA:252,23
DA:254,23
DA:255,0
DA:256,23
DA:257,0
DA:260,23
DA:261,23
DA:263,23
DA:264,23
DA:265,23
DA:267,0
DA:268,0
DA:269,0
DA:271,23
DA:279,2
DA:287,1
DA:288,0
DA:289,0
DA:292,1
DA:299,1
DA:307,1
DA:308,0
DA:309,0
DA:312,1
DA:319,0
DA:320,0
DA:321,0
DA:325,0
DA:327,0
DA:328,0
DA:330,0
DA:331,0
DA:333,0
DA:334,0
DA:335,0
DA:343,0
DA:344,0
DA:347,0
DA:348,0
DA:352,0
DA:354,0
DA:355,0
DA:356,0
DA:358,0
DA:359,0
DA:360,0
DA:368,1
DA:371,1
DA:372,1
DA:375,1
DA:378,1
DA:379,1
DA:381,1
DA:382,1
DA:385,1
DA:386,1
DA:393,1
DA:394,1
DA:396,1
DA:397,1
DA:399,1
DA:400,1
DA:407,1
DA:408,1
DA:409,1
DA:410,1
DA:417,27
DA:418,27
DA:420,27
DA:423,27
DA:424,2
DA:425,26
DA:426,0
DA:429,27
DA:430,24
DA:431,24
DA:432,24
DA:435,3
DA:436,4
DA:439,3
DA:446,4
DA:447,4
DA:448,4
DA:449,4
DA:451,4
DA:488,3
DA:489,4
DA:490,0
DA:491,0
DA:496,3
DA:497,4
DA:498,0
DA:499,0
DA:500,0
DA:501,0
DA:506,3
DA:507,4
DA:508,0
DA:509,0
DA:510,0
DA:519,22
DA:520,22
DA:521,22
DA:523,22
DA:525,22
DA:526,22
DA:527,22
DA:529,0
DA:537,50
DA:538,50
DA:540,50
DA:541,25
DA:542,25
DA:544,25
DA:545,25
DA:553,1
DA:554,1
DA:556,1
DA:557,1
DA:564,24
DA:571,24
DA:572,24
DA:574,24
DA:575,24
DA:576,24
DA:577,24
DA:582,24
DA:585,24
DA:588,24
DA:595,24
DA:601,24
DA:608,22
DA:609,22
DA:610,2
DA:611,2
DA:619,8
DA:620,8
DA:621,8
DA:622,8
DA:624,8
DA:625,2
DA:626,6
DA:627,1
DA:628,5
DA:629,1
DA:631,4
DA:639,30
DA:649,1
DA:650,0
DA:654,1
DA:655,1
LF:255
LH:174
BRDA:75,0,0,0
BRDA:75,0,1,0
BRDA:88,1,0,0
BRDA:88,1,1,0
BRDA:116,2,0,0
BRDA:116,2,1,0
BRDA:126,3,0,1
BRDA:126,3,1,2
BRDA:131,4,0,1
BRDA:131,4,1,1
BRDA:147,5,0,1
BRDA:147,5,1,1
BRDA:148,6,0,0
BRDA:148,6,1,1
BRDA:154,7,0,0
BRDA:154,7,1,1
BRDA:173,8,0,2
BRDA:173,8,1,0
BRDA:187,9,0,0
BRDA:187,9,1,2
BRDA:189,10,0,0
BRDA:189,10,1,2
BRDA:210,11,0,0
BRDA:210,11,1,1
BRDA:218,12,0,0
BRDA:218,12,1,1
BRDA:254,13,0,0
BRDA:254,13,1,23
BRDA:256,14,0,0
BRDA:256,14,1,23
BRDA:261,15,0,0
BRDA:261,15,1,23
BRDA:287,16,0,0
BRDA:287,16,1,1
BRDA:289,17,0,0
BRDA:289,17,1,0
BRDA:307,18,0,0
BRDA:307,18,1,1
BRDA:309,19,0,0
BRDA:309,19,1,0
BRDA:320,20,0,0
BRDA:320,20,1,0
BRDA:325,21,0,0
BRDA:325,21,1,0
BRDA:330,22,0,0
BRDA:330,22,1,0
BRDA:343,23,0,0
BRDA:343,23,1,0
BRDA:352,24,0,0
BRDA:352,24,1,0
BRDA:372,25,0,1
BRDA:372,25,1,0
BRDA:423,26,0,1
BRDA:423,26,1,26
BRDA:423,27,0,27
BRDA:423,27,1,1
BRDA:425,28,0,0
BRDA:425,28,1,26
BRDA:425,29,0,26
BRDA:425,29,1,0
BRDA:429,30,0,24
BRDA:429,30,1,3
BRDA:447,31,0,2
BRDA:447,31,1,2
BRDA:448,32,0,2
BRDA:448,32,1,2
BRDA:449,33,0,2
BRDA:449,33,1,2
BRDA:455,34,0,2
BRDA:455,34,1,2
BRDA:461,35,0,1
BRDA:461,35,1,3
BRDA:501,36,0,0
BRDA:501,36,1,0
BRDA:521,37,0,0
BRDA:521,37,1,22
BRDA:540,38,0,25
BRDA:540,38,1,25
BRDA:570,39,0,0
BRDA:601,40,0,24
BRDA:601,40,1,0
BRDA:609,41,0,2
BRDA:609,41,1,20
BRDA:624,42,0,2
BRDA:624,42,1,6
BRDA:626,43,0,1
BRDA:626,43,1,5
BRDA:628,44,0,1
BRDA:628,44,1,4
BRDA:654,45,0,1
BRDA:654,45,1,0
BRDA:654,46,0,1
BRDA:654,46,1,1
BRF:93
BRH:52
end_of_record
